3/24/2013 4:17:42 AM - Warning  UI Elements not available for deadzone init: 
3/24/2013 4:17:42 AM - Warning  UI Elements not available for deadzone init: 
3/24/2013 4:17:42 AM - Warning  UI Elements not available for deadzone init: 
3/24/2013 4:17:42 AM - Information  Vendor: Shaul Eizikovich Product :vJoy - Virtual Joystick Version Number:2.0.2 
3/24/2013 4:17:42 AM - Error  vJoy Device 0 unknown error
3/24/2013 4:17:42 AM - Fatal  USB Device not found: 
3/24/2013 4:17:42 AM - Error  Whole USB device is not implemented
3/24/2013 4:18:11 AM - Warning  UI Elements not available for deadzone init: 
3/24/2013 4:18:11 AM - Warning  UI Elements not available for deadzone init: 
3/24/2013 4:18:11 AM - Warning  UI Elements not available for deadzone init: 
3/24/2013 4:18:11 AM - Information  Vendor: Shaul Eizikovich Product :vJoy - Virtual Joystick Version Number:2.0.2 
3/24/2013 4:18:11 AM - Error  vJoy Device 0 unknown error
3/24/2013 4:18:11 AM - Fatal  USB Device not found: 
3/24/2013 4:18:11 AM - Error  Whole USB device is not implemented
3/24/2013 4:19:58 AM - Warning  UI Elements not available for deadzone init: 
3/24/2013 4:19:58 AM - Warning  UI Elements not available for deadzone init: 
3/24/2013 4:19:58 AM - Warning  UI Elements not available for deadzone init: 
3/24/2013 4:19:58 AM - Information  Vendor: Shaul Eizikovich Product :vJoy - Virtual Joystick Version Number:2.0.2 
3/24/2013 4:19:58 AM - Error  vJoy Device 0 unknown error
3/24/2013 4:20:53 AM - Warning  UI Elements not available for deadzone init: 
3/24/2013 4:20:53 AM - Warning  UI Elements not available for deadzone init: 
3/24/2013 4:20:53 AM - Warning  UI Elements not available for deadzone init: 
3/24/2013 4:20:53 AM - Information  Vendor: Shaul Eizikovich Product :vJoy - Virtual Joystick Version Number:2.0.2 
3/24/2013 4:20:53 AM - Error  vJoy Device 0 unknown error
3/24/2013 4:21:06 AM - Warning  UI Elements not available for deadzone init: 
3/24/2013 4:21:06 AM - Warning  UI Elements not available for deadzone init: 
3/24/2013 4:21:06 AM - Warning  UI Elements not available for deadzone init: 
3/24/2013 4:21:06 AM - Information  Vendor: Shaul Eizikovich Product :vJoy - Virtual Joystick Version Number:2.0.2 
3/24/2013 4:21:06 AM - Error  vJoy Device 0 unknown error
3/24/2013 4:21:43 AM - Warning  UI Elements not available for deadzone init: 
3/24/2013 4:21:44 AM - Warning  UI Elements not available for deadzone init: 
3/24/2013 4:21:44 AM - Warning  UI Elements not available for deadzone init: 
3/24/2013 4:21:44 AM - Information  Vendor: Shaul Eizikovich Product :vJoy - Virtual Joystick Version Number:2.0.2 
3/24/2013 4:21:44 AM - Error  vJoy Device 0 unknown error
3/24/2013 4:22:58 AM - Warning  UI Elements not available for deadzone init: 
3/24/2013 4:22:58 AM - Warning  UI Elements not available for deadzone init: 
3/24/2013 4:22:58 AM - Warning  UI Elements not available for deadzone init: 
3/24/2013 4:22:58 AM - Information  Vendor: Shaul Eizikovich Product :vJoy - Virtual Joystick Version Number:2.0.2 
3/24/2013 4:22:58 AM - Error  vJoy Device 0 unknown error
3/24/2013 4:24:22 AM - Warning  UI Elements not available for deadzone init: 
3/24/2013 4:24:22 AM - Warning  UI Elements not available for deadzone init: 
3/24/2013 4:24:22 AM - Warning  UI Elements not available for deadzone init: 
3/24/2013 4:24:22 AM - Information  Vendor: Shaul Eizikovich Product :vJoy - Virtual Joystick Version Number:2.0.2 
3/24/2013 4:24:22 AM - Error  vJoy Device 0 unknown error
3/24/2013 4:27:08 AM - Warning  UI Elements not available for deadzone init: 
3/24/2013 4:27:08 AM - Warning  UI Elements not available for deadzone init: 
3/24/2013 4:27:08 AM - Warning  UI Elements not available for deadzone init: 
3/24/2013 4:27:08 AM - Information  Vendor: Shaul Eizikovich Product :vJoy - Virtual Joystick Version Number:2.0.2 
3/24/2013 4:27:08 AM - Error  vJoy Device 0 unknown error
